<?xml version="1.0" encoding="UTF-8"?>
<!-- Generated by org.testng.reporters.JUnitReportReporter -->
<testsuite hostname="Pooja" failures="0" tests="2" name="testClasses.TestLoginPage" time="8.294" errors="0" timestamp="2024-06-25T14:41:33 AWST" skipped="0">
  <testcase classname="testClasses.TestLoginPage" name="login" time="4.494"/>
  <system-out/>
  <testcase classname="testClasses.TestLoginPage" name="login" time="3.800"/>
  <system-out/>
</testsuite> <!-- testClasses.TestLoginPage -->
