<?xml version="1.0" encoding="UTF-8"?>
<!-- Generated by org.testng.reporters.JUnitReportReporter -->
<testsuite hostname="Pooja" failures="0" tests="2" name="testClasses.TestLoginPage" time="15.068" errors="0" timestamp="2024-06-30T15:22:40 AWST" skipped="0">
  <testcase classname="testClasses.TestLoginPage" name="login" time="8.925"/>
  <system-out/>
  <testcase classname="testClasses.TestLoginPage" name="login" time="6.143"/>
  <system-out/>
</testsuite> <!-- testClasses.TestLoginPage -->
